mmap(NULL, 8192, PROT_READ|PROT_WRITE, MAP_PRIVATE|MAP_ANONYMOUS, -1, 0) = 0x7f37e5083000
openat(AT_FDCWD, "/etc/ld.so.cache", O_RDONLY|O_CLOEXEC) = 3
mmap(NULL, 59491, PROT_READ, MAP_PRIVATE, 3, 0) = 0x7f37e5074000
openat(AT_FDCWD, "/lib/x86_64-linux-gnu/libc.so.6", O_RDONLY|O_CLOEXEC) = 3
read(3, "\177ELF\2\1\1\3\0\0\0\0\0\0\0\0\3\0>\0\1\0\0\0P\237\2\0\0\0\0\0"..., 832) = 832
mmap(NULL, 2260560, PROT_READ, MAP_PRIVATE|MAP_DENYWRITE, 3, 0) = 0x7f37e4e00000
mmap(0x7f37e4e28000, 1658880, PROT_READ|PROT_EXEC, MAP_PRIVATE|MAP_FIXED|MAP_DENYWRITE, 3, 0x28000) = 0x7f37e4e28000
mmap(0x7f37e4fbd000, 360448, PROT_READ, MAP_PRIVATE|MAP_FIXED|MAP_DENYWRITE, 3, 0x1bd000) = 0x7f37e4fbd000
mmap(0x7f37e5015000, 24576, PROT_READ|PROT_WRITE, MAP_PRIVATE|MAP_FIXED|MAP_DENYWRITE, 3, 0x214000) = 0x7f37e5015000
mmap(0x7f37e501b000, 52816, PROT_READ|PROT_WRITE, MAP_PRIVATE|MAP_FIXED|MAP_ANONYMOUS, -1, 0) = 0x7f37e501b000
mmap(NULL, 12288, PROT_READ|PROT_WRITE, MAP_PRIVATE|MAP_ANONYMOUS, -1, 0) = 0x7f37e5071000
openat(AT_FDCWD, "REQ_PIPE_87188", O_RDONLY) = 3
openat(AT_FDCWD, "RESP_PIPE_87188", O_WRONLY) = 4
read(3, "\n", 1)                        = 1
read(3, "CREATE_SHM", 10)               = 10
read(3, "\275o0\0", 4)                  = 4
openat(AT_FDCWD, "/dev/shm/l2DqaHC", O_RDWR|O_CREAT|O_NOFOLLOW|O_CLOEXEC, 0664) = 5
mmap(NULL, 3174333, PROT_READ|PROT_WRITE, MAP_SHARED, 5, 0) = 0x7f37e4af9000
read(3, "\10", 1)                       = 1
read(3, "MAP_FILE", 8)                  = 8
read(3, "\30", 1)                       = 1
read(3, "test_root/WePXjJaeZ5.CAE", 24) = 24
openat(AT_FDCWD, "test_root/WePXjJaeZ5.CAE", O_RDONLY) = 6
mmap(NULL, 60936, PROT_READ, MAP_PRIVATE, 6, 0) = 0x7f37e5074000
read(3, "\36", 1)                       = 1
read(3, "READ_FROM_LOGICAL_SPACE_OFFSET", 30) = 30
read(3, "B\1\0\0", 4)                   = 4
read(3, "\301\v\0\0", 4)                = 4
read(3, "\36", 1)                       = 1
read(3, "READ_FROM_LOGICAL_SPACE_OFFSET", 30) = 30
read(3, "@!\0\0", 4)                    = 4
read(3, "\21\5\0\0", 4)                 = 4
read(3, "\36", 1)                       = 1
read(3, "READ_FROM_LOGICAL_SPACE_OFFSET", 30) = 30
read(3, "\347e\0\0", 4)                 = 4
read(3, "\21\0\0\0", 4)                 = 4
read(3, "\36", 1)                       = 1
read(3, "READ_FROM_LOGICAL_SPACE_OFFSET", 30) = 30
read(3, "\7\301\0\0", 4)                = 4
read(3, "<\0\0\0", 4)                   = 4
read(3, "\4", 1)                        = 1
read(3, "EXIT", 4)                      = 4
+++ exited with 0 +++
